<?xml version="1.0" encoding="UTF-8"?>
<testsuite xmlns:xsi="http://www.w3.org/2001/XMLSchema-instance" xsi:noNamespaceSchemaLocation="https://maven.apache.org/surefire/maven-surefire-plugin/xsd/surefire-test-report.xsd" version="3.0.2" name="OMS_backend.service.BOMServiceTest" time="0.382" tests="6" errors="0" skipped="0" failures="0" flakes="0">
  <properties>
[...]
</properties>
  <testcase name="removeComponent_NotFound_ThrowsException" classname="BOMService Unit Tests" time="0.33">
    <system-out><![CDATA[2026-04-26T13:21:21.596+05:30  INFO 17000 --- [OMS_backend] [           main] OMS_backend.service.BOMService           : Request received to delete BOM entry. bomId=99
2026-04-26T13:21:21.597+05:30 ERROR 17000 --- [OMS_backend] [           main] OMS_backend.service.BOMService           : BOM entry not found. bomId=99
]]></system-out>
  </testcase>
  <testcase name="addComponent_ProductNotFound_ThrowsException" classname="BOMService Unit Tests" time="0.006">
    <system-out><![CDATA[2026-04-26T13:21:21.636+05:30  INFO 17000 --- [OMS_backend] [           main] OMS_backend.service.BOMService           : Received request to add component. productId=1, componentId=2, quantity=4
2026-04-26T13:21:21.638+05:30 ERROR 17000 --- [OMS_backend] [           main] OMS_backend.service.BOMService           : Product not found with id=1
]]></system-out>
  </testcase>
  <testcase name="addComponent_Duplicate_ThrowsException" classname="BOMService Unit Tests" time="0.005">
    <system-out><![CDATA[2026-04-26T13:21:21.643+05:30  INFO 17000 --- [OMS_backend] [           main] OMS_backend.service.BOMService           : Received request to add component. productId=1, componentId=2, quantity=4
2026-04-26T13:21:21.644+05:30  WARN 17000 --- [OMS_backend] [           main] OMS_backend.service.BOMService           : Duplicate BOM entry detected for productId=1 and componentId=2
]]></system-out>
  </testcase>
  <testcase name="addComponent_SelfReference_ThrowsException" classname="BOMService Unit Tests" time="0.006">
    <system-out><![CDATA[2026-04-26T13:21:21.649+05:30  INFO 17000 --- [OMS_backend] [           main] OMS_backend.service.BOMService           : Received request to add component. productId=1, componentId=1, quantity=4
2026-04-26T13:21:21.651+05:30  WARN 17000 --- [OMS_backend] [           main] OMS_backend.service.BOMService           : Invalid request: product cannot be its own component. productId=1
]]></system-out>
  </testcase>
  <testcase name="addComponent_Success" classname="BOMService Unit Tests" time="0.013">
    <system-out><![CDATA[2026-04-26T13:21:21.658+05:30  INFO 17000 --- [OMS_backend] [           main] OMS_backend.service.BOMService           : Received request to add component. productId=1, componentId=2, quantity=4
2026-04-26T13:21:21.660+05:30  INFO 17000 --- [OMS_backend] [           main] OMS_backend.service.BOMService           : Successfully added component to BOM. bomId=1, productId=1, componentId=2
]]></system-out>
  </testcase>
  <testcase name="removeComponent_Success" classname="BOMService Unit Tests" time="0.011">
    <system-out><![CDATA[2026-04-26T13:21:21.672+05:30  INFO 17000 --- [OMS_backend] [           main] OMS_backend.service.BOMService           : Request received to delete BOM entry. bomId=1
2026-04-26T13:21:21.674+05:30  INFO 17000 --- [OMS_backend] [           main] OMS_backend.service.BOMService           : Successfully deleted BOM entry. bomId=1
]]></system-out>
  </testcase>
</testsuite>